<?xml version="1.0" encoding="UTF-8" ?>
<testsuite errors="1" failures="0" hostname="amrits-MBP" name="com.mkyong.test.TestMessage" skipped="0" tests="1" time="0.0" timestamp="2020-03-24T04:18:58">
  <properties>
[...]
</properties>
  <error message="com.mkyong.test.TestMessage" type="java.lang.ClassNotFoundException">java.lang.ClassNotFoundException: com.mkyong.test.TestMessage
	at java.lang.ClassLoader.loadClass(ClassLoader.java:351)
	at java.lang.Class.forName0(Native Method)
	at java.lang.Class.forName(Class.java:348)
</error>
  <system-out><![CDATA[]]></system-out>
  <system-err><![CDATA[]]></system-err>
</testsuite>
